<?xml version="1.0" encoding="UTF-8"?>
<!-- Generated by org.testng.reporters.JUnitReportReporter -->
<testsuite skipped="0" hostname="DESKTOP-66NPI4H" name="General_Library.BaseClass" tests="1" failures="0" timestamp="2023-08-01T11:14:43 IST" time="7.951" errors="0">
  <testcase name="launchbrowser" time="7.951" classname="General_Library.BaseClass"/>
  <system-out/>
</testsuite> <!-- General_Library.BaseClass -->
